[     691ms] [LOG] 认证模块已加载 @ http://localhost:3000/app/auth.js:328
[     806ms] [VERBOSE] [DOM] Password forms should have (optionally hidden) username fields for accessibility: (More info: https://goo.gl/9p2vKq) %o @ http://localhost:3000/login.html:0
[   67791ms] [LOG] 认证模块已加载 @ http://localhost:3000/app/auth.js:328
[   67800ms] [LOG] 用户已认证 @ http://localhost:3000/:59
[   67802ms] [LOG] AIClient2API 管理控制台已加载 - 模块化版本 @ http://localhost:3000/app/app.js:255
[   67929ms] [LOG] All components loaded successfully @ http://localhost:3000/app/component-loader.js:114
[   67932ms] [LOG] 文件上传功能已初始化 @ http://localhost:3000/app/file-upload.js:209
[   67933ms] [LOG] 开始加载配置列表... @ http://localhost:3000/app/upload-config-manager.js:539
[   67936ms] [LOG] 主题切换器已初始化，当前主题: 亮色模式 @ http://localhost:3000/app/theme-switcher.js:105
[   67975ms] [LOG] EventStream connected @ http://localhost:3000/app/event-stream.js:18
[   67993ms] [VERBOSE] [DOM] Password field is not contained in a form: (More info: https://goo.gl/9p2vKq) %o @ http://localhost:3000/:0
[   67993ms] [VERBOSE] [DOM] Password field is not contained in a form: (More info: https://goo.gl/9p2vKq) %o @ http://localhost:3000/:0
[   68039ms] [LOG] 配置列表加载成功，共 10 个项目 @ http://localhost:3000/app/upload-config-manager.js:554
[   68039ms] [LOG] 配置列表加载完成 @ http://localhost:3000/app/upload-config-manager.js:564
[   68050ms] [LOG] Provider Stats Updated: {activeProviders: 6, activeProvidersByUsage: 1, healthyProviders: 1, totalAccounts: 1, totalUsage: 4670} @ http://localhost:3000/app/provider-manager.js:431
[   77937ms] [LOG] === 提供商统计报告 === @ http://localhost:3000/app/app.js:143
[   77937ms] [LOG] 活跃提供商: 6 @ http://localhost:3000/app/app.js:144
[   77937ms] [LOG] 健康提供商: 1 (100.00%) @ http://localhost:3000/app/app.js:145
[   77938ms] [LOG] 总账户数: 1 @ http://localhost:3000/app/app.js:146
[   77938ms] [LOG] 总请求数: 4670 @ http://localhost:3000/app/app.js:147
[   77938ms] [LOG] 总错误数: 0 @ http://localhost:3000/app/app.js:148
[   77938ms] [LOG] 成功率: 100.00% @ http://localhost:3000/app/app.js:149
[   77938ms] [LOG] 平均每提供商请求数: 778 @ http://localhost:3000/app/app.js:150
[   77938ms] [LOG] ======================== @ http://localhost:3000/app/app.js:151
[   77945ms] [LOG] Provider Stats Updated: {activeProviders: 6, activeProvidersByUsage: 1, healthyProviders: 1, totalAccounts: 1, totalUsage: 4673} @ http://localhost:3000/app/provider-manager.js:431
[   87938ms] [LOG] === 提供商统计报告 === @ http://localhost:3000/app/app.js:143
[   87938ms] [LOG] 活跃提供商: 6 @ http://localhost:3000/app/app.js:144
[   87938ms] [LOG] 健康提供商: 1 (100.00%) @ http://localhost:3000/app/app.js:145
[   87938ms] [LOG] 总账户数: 1 @ http://localhost:3000/app/app.js:146
[   87938ms] [LOG] 总请求数: 4673 @ http://localhost:3000/app/app.js:147
[   87938ms] [LOG] 总错误数: 0 @ http://localhost:3000/app/app.js:148
[   87938ms] [LOG] 成功率: 100.00% @ http://localhost:3000/app/app.js:149
[   87938ms] [LOG] 平均每提供商请求数: 779 @ http://localhost:3000/app/app.js:150
[   87938ms] [LOG] ======================== @ http://localhost:3000/app/app.js:151
[   87944ms] [LOG] Provider Stats Updated: {activeProviders: 6, activeProvidersByUsage: 1, healthyProviders: 1, totalAccounts: 1, totalUsage: 4676} @ http://localhost:3000/app/provider-manager.js:431
[   97971ms] [LOG] === 提供商统计报告 === @ http://localhost:3000/app/app.js:143
[   97974ms] [LOG] 活跃提供商: 6 @ http://localhost:3000/app/app.js:144
[   97974ms] [LOG] 健康提供商: 1 (100.00%) @ http://localhost:3000/app/app.js:145
[   97974ms] [LOG] 总账户数: 1 @ http://localhost:3000/app/app.js:146
[   97974ms] [LOG] 总请求数: 4676 @ http://localhost:3000/app/app.js:147
[   97974ms] [LOG] 总错误数: 0 @ http://localhost:3000/app/app.js:148
[   97974ms] [LOG] 成功率: 100.00% @ http://localhost:3000/app/app.js:149
[   97974ms] [LOG] 平均每提供商请求数: 779 @ http://localhost:3000/app/app.js:150
[   97974ms] [LOG] ======================== @ http://localhost:3000/app/app.js:151
[   98012ms] [LOG] Provider Stats Updated: {activeProviders: 6, activeProvidersByUsage: 1, healthyProviders: 1, totalAccounts: 1, totalUsage: 4679} @ http://localhost:3000/app/provider-manager.js:431
[  107939ms] [LOG] === 提供商统计报告 === @ http://localhost:3000/app/app.js:143
[  107939ms] [LOG] 活跃提供商: 6 @ http://localhost:3000/app/app.js:144
[  107940ms] [LOG] 健康提供商: 1 (100.00%) @ http://localhost:3000/app/app.js:145
[  107940ms] [LOG] 总账户数: 1 @ http://localhost:3000/app/app.js:146
[  107940ms] [LOG] 总请求数: 4679 @ http://localhost:3000/app/app.js:147
[  107940ms] [LOG] 总错误数: 0 @ http://localhost:3000/app/app.js:148
[  107940ms] [LOG] 成功率: 100.00% @ http://localhost:3000/app/app.js:149
[  107940ms] [LOG] 平均每提供商请求数: 780 @ http://localhost:3000/app/app.js:150
[  107940ms] [LOG] ======================== @ http://localhost:3000/app/app.js:151
[  107951ms] [LOG] Provider Stats Updated: {activeProviders: 6, activeProvidersByUsage: 1, healthyProviders: 1, totalAccounts: 1, totalUsage: 4681} @ http://localhost:3000/app/provider-manager.js:431
[  117939ms] [LOG] === 提供商统计报告 === @ http://localhost:3000/app/app.js:143
[  117939ms] [LOG] 活跃提供商: 6 @ http://localhost:3000/app/app.js:144
[  117939ms] [LOG] 健康提供商: 1 (100.00%) @ http://localhost:3000/app/app.js:145
[  117939ms] [LOG] 总账户数: 1 @ http://localhost:3000/app/app.js:146
[  117939ms] [LOG] 总请求数: 4681 @ http://localhost:3000/app/app.js:147
[  117939ms] [LOG] 总错误数: 0 @ http://localhost:3000/app/app.js:148
[  117940ms] [LOG] 成功率: 100.00% @ http://localhost:3000/app/app.js:149
[  117940ms] [LOG] 平均每提供商请求数: 780 @ http://localhost:3000/app/app.js:150
[  117940ms] [LOG] ======================== @ http://localhost:3000/app/app.js:151
[  117950ms] [LOG] Provider Stats Updated: {activeProviders: 6, activeProvidersByUsage: 1, healthyProviders: 1, totalAccounts: 1, totalUsage: 4682} @ http://localhost:3000/app/provider-manager.js:431
[  127938ms] [LOG] === 提供商统计报告 === @ http://localhost:3000/app/app.js:143
[  127938ms] [LOG] 活跃提供商: 6 @ http://localhost:3000/app/app.js:144
[  127938ms] [LOG] 健康提供商: 1 (100.00%) @ http://localhost:3000/app/app.js:145
[  127939ms] [LOG] 总账户数: 1 @ http://localhost:3000/app/app.js:146
[  127939ms] [LOG] 总请求数: 4682 @ http://localhost:3000/app/app.js:147
[  127939ms] [LOG] 总错误数: 0 @ http://localhost:3000/app/app.js:148
[  127939ms] [LOG] 成功率: 100.00% @ http://localhost:3000/app/app.js:149
[  127939ms] [LOG] 平均每提供商请求数: 780 @ http://localhost:3000/app/app.js:150
[  127939ms] [LOG] ======================== @ http://localhost:3000/app/app.js:151
[  127970ms] [LOG] Provider Stats Updated: {activeProviders: 6, activeProvidersByUsage: 1, healthyProviders: 1, totalAccounts: 1, totalUsage: 4686} @ http://localhost:3000/app/provider-manager.js:431
[  137938ms] [LOG] === 提供商统计报告 === @ http://localhost:3000/app/app.js:143
[  137938ms] [LOG] 活跃提供商: 6 @ http://localhost:3000/app/app.js:144
[  137938ms] [LOG] 健康提供商: 1 (100.00%) @ http://localhost:3000/app/app.js:145
[  137938ms] [LOG] 总账户数: 1 @ http://localhost:3000/app/app.js:146
[  137939ms] [LOG] 总请求数: 4686 @ http://localhost:3000/app/app.js:147
[  137939ms] [LOG] 总错误数: 0 @ http://localhost:3000/app/app.js:148
[  137939ms] [LOG] 成功率: 100.00% @ http://localhost:3000/app/app.js:149
[  137939ms] [LOG] 平均每提供商请求数: 781 @ http://localhost:3000/app/app.js:150
[  137939ms] [LOG] ======================== @ http://localhost:3000/app/app.js:151
[  137953ms] [LOG] Provider Stats Updated: {activeProviders: 6, activeProvidersByUsage: 1, healthyProviders: 1, totalAccounts: 1, totalUsage: 4686} @ http://localhost:3000/app/provider-manager.js:431
[  147938ms] [LOG] === 提供商统计报告 === @ http://localhost:3000/app/app.js:143
[  147939ms] [LOG] 活跃提供商: 6 @ http://localhost:3000/app/app.js:144
[  147939ms] [LOG] 健康提供商: 1 (100.00%) @ http://localhost:3000/app/app.js:145
[  147939ms] [LOG] 总账户数: 1 @ http://localhost:3000/app/app.js:146
[  147939ms] [LOG] 总请求数: 4686 @ http://localhost:3000/app/app.js:147
[  147939ms] [LOG] 总错误数: 0 @ http://localhost:3000/app/app.js:148
[  147939ms] [LOG] 成功率: 100.00% @ http://localhost:3000/app/app.js:149
[  147939ms] [LOG] 平均每提供商请求数: 781 @ http://localhost:3000/app/app.js:150
[  147939ms] [LOG] ======================== @ http://localhost:3000/app/app.js:151
[  147951ms] [LOG] Provider Stats Updated: {activeProviders: 6, activeProvidersByUsage: 1, healthyProviders: 1, totalAccounts: 1, totalUsage: 4688} @ http://localhost:3000/app/provider-manager.js:431
