
============================================================
Harness started: 2026-04-08T12:00:57.427458
Prompt: 创建一个极简风格的技术博客
Task: 20260408_111807_a9b8c1
============================================================
============================================================
Phase 2: Build + Evaluate Loop
============================================================

  --- Cycle #3: Ralph ---
  --- Cycle #3: Evaluator ---
  Cycle #3: not all criteria met, feeding back...

  --- Cycle #4: Ralph ---
  --- Cycle #4: Evaluator ---
  Cycle #4: not all criteria met, feeding back...

  No remaining tasks in fix_plan.md.

================================================================================
  Harness Summary
================================================================================

  Cycle    Phase        Task                                         Cost   Duration  Turns               Tokens
  ──────── ──────────── ──────────────────────────────────────── ──────── ────────── ────── ────────────────────
  #1       Ralph        - [ ] **Fix 1: 增大卡片标题行高** — `fonts....   $   0.45      1m50s     15  in=52,857 out=4,518
  #1       Evaluator    —                                        $   4.63     10m47s     98 in=706,735 out=21,788
  #2       Ralph        - [ ] **Fix 2: 卡片高度增加安全余量** — `comp...   $   0.49      2m13s     12  in=64,662 out=3,512
  #3       Ralph        - [ ] **Fix 3: 优化卡片 overflow 策略** —...   $   0.60      2m10s     19  in=89,870 out=5,211
  #3       Evaluator    —                                        $   3.92     13m31s     93 in=594,972 out=21,790
  #4       Ralph        - [ ] **验证**: 中英文标题多行显示正常，摘要无裁切，mas...   $   3.42      8m17s     62 in=484,081 out=34,514
  #4       Evaluator    —                                        $   4.72     13m34s     88 in=793,754 out=18,636
  ──────── ──────────── ──────────────────────────────────────── ──────── ────────── ────── ────────────────────

  Total cost:     $18.24
  Total API time: 52m24s
  Wall time:      1h20m59s
  Total tokens:   in=2,786,931  out=109,969
  Cycles:         4

============================================================
Phase 3: Generate README
============================================================

Harness complete. Task: 20260408_111807_a9b8c1
